<?xml version="1.0" encoding="UTF-8"?>
<testsuite xmlns:xsi="http://www.w3.org/2001/XMLSchema-instance" xsi:schemaLocation="https://maven.apache.org/surefire/maven-surefire-plugin/xsd/surefire-test-report.xsd" name="hr.kaba.hiso.message.bitmap.BitmapTest" time="0.005" tests="7" errors="0" skipped="0" failures="0">
  <properties>
    <property name="idea.version" value="2018.1.5"/>
    <property name="java.runtime.name" value="Java(TM) SE Runtime Environment"/>
    <property name="sun.boot.library.path" value="C:\Java\jdk1.8.0_74\jre\bin"/>
    <property name="java.vm.version" value="25.74-b02"/>
    <property name="java.vm.vendor" value="Oracle Corporation"/>
    <property name="maven.multiModuleProjectDirectory" value="C:\KABA\SANDBOX\OLBCodec"/>
    <property name="java.vendor.url" value="http://java.oracle.com/"/>
    <property name="path.separator" value=";"/>
    <property name="guice.disable.misplaced.annotation.check" value="true"/>
    <property name="java.vm.name" value="Java HotSpot(TM) 64-Bit Server VM"/>
    <property name="file.encoding.pkg" value="sun.io"/>
    <property name="user.script" value=""/>
    <property name="user.country" value="GB"/>
    <property name="sun.java.launcher" value="SUN_STANDARD"/>
    <property name="sun.os.patch.level" value=""/>
    <property name="java.vm.specification.name" value="Java Virtual Machine Specification"/>
    <property name="user.dir" value="C:\KABA\SANDBOX\OLBCodec"/>
    <property name="java.runtime.version" value="1.8.0_74-b02"/>
    <property name="java.awt.graphicsenv" value="sun.awt.Win32GraphicsEnvironment"/>
    <property name="java.endorsed.dirs" value="C:\Java\jdk1.8.0_74\jre\lib\endorsed"/>
    <property name="os.arch" value="amd64"/>
    <property name="java.io.tmpdir" value="C:\Temp\"/>
    <property name="line.separator" value="&#10;"/>
    <property name="java.vm.specification.vendor" value="Oracle Corporation"/>
    <property name="user.variant" value=""/>
    <property name="os.name" value="Windows 10"/>
    <property name="classworlds.conf" value="C:\Program Files\JetBrains\IntelliJ IDEA Community Edition 2018.1.1\plugins\maven\lib\maven3\bin\m2.conf"/>
    <property name="sun.jnu.encoding" value="Cp1250"/>
    <property name="java.library.path" value="C:\Java\jdk1.8.0_74\bin;C:\WINDOWS\Sun\Java\bin;C:\WINDOWS\system32;C:\WINDOWS;C:\Program Files (x86)\Common Files\Oracle\Java\javapath;C:\Program Files (x86)\Intel\iCLS Client\;C:\Program Files\Intel\iCLS Client\;C:\Oracle\Middleware\Oracle_FRHome1\bin;C:\Java\jdk1.6.0_95\bin;C:\ProgramData\Oracle\Java\javapath;C:\ORACLE\DevSuiteHome10g\jdk\jre\bin\classic;C:\ORACLE\DevSuiteHome10g\jdk\jre\bin;C:\ORACLE\DevSuiteHome10g\jdk\jre\bin\client;C:\ORACLE\DevSuiteHome10g\jlib;C:\ORACLE\DevSuiteHome10g\bin;C:\ORACLE\DevSuiteHome10g\jre\1.4.2\bin\client;C:\ORACLE\DevSuiteHome10g\jre\1.4.2\bin;C:\WINDOWS\system32;C:\WINDOWS;C:\WINDOWS\System32\Wbem;C:\WINDOWS\System32\WindowsPowerShell\v1.0\;C:\Oracle\Middleware\Oracle_FRHome1\opmn\bin;C:\Oracle\Middleware\Oracle_FRHome1\opmn\lib;C:\Oracle\Middleware\Oracle_FRHome1\perl\bin;C:\Program Files (x86)\Heroku\bin;C:\Program Files (x86)\git\cmd;C:\SCRIPTS;C:\Python27;C:\Python27\Lib;C:\Python27\Scripts;C:\Program Files\nodejs\;C:\Java\groovy-2.4.12\bin;C:\Program Files\PuTTY\;C:\Program Files\dotnet\;C:\Program Files\Microsoft SQL Server\130\Tools\Binn\;C:\Program Files\Git\cmd;C:\Program Files\Calibre2\;C:\Program Files (x86)\Intel\Intel(R) Management Engine Components\DAL;C:\Program Files\Intel\Intel(R) Management Engine Components\DAL;C:\Program Files (x86)\Intel\Intel(R) Management Engine Components\IPT;C:\Program Files\Intel\Intel(R) Management Engine Components\IPT;C:\WINDOWS\System32\OpenSSH\;C:\Users\zgudasic.KB0\AppData\Local\Microsoft\WindowsApps;C:\Users\zgudasic.KB0\.lein\bin;C:\SCRIPTS;C:\Users\zgudasic.KB0\AppData\Local\atom\bin;C:\Program Files\Docker\Docker\resources\bin;C:\Users\zgudasic.KB0\AppData\Roaming\npm;C:\Program Files\Microsoft VS Code\bin;C:\Users\zgudasic.KB0\Downloads\sqlcl\bin;C:\Users\zgudasic.KB0\AppData\Local\Microsoft\WindowsApps;C:\Program Files (x86)\apache-maven-3.5.3\bin;;."/>
    <property name="java.specification.name" value="Java Platform API Specification"/>
    <property name="java.class.version" value="52.0"/>
    <property name="sun.management.compiler" value="HotSpot 64-Bit Tiered Compilers"/>
    <property name="os.version" value="10.0"/>
    <property name="user.home" value="C:\Users\zgudasic.KB0"/>
    <property name="user.timezone" value="Europe/Belgrade"/>
    <property name="java.awt.printerjob" value="sun.awt.windows.WPrinterJob"/>
    <property name="java.specification.version" value="1.8"/>
    <property name="file.encoding" value="UTF-8"/>
    <property name="user.name" value="zgudasic"/>
    <property name="java.class.path" value="C:\Program Files\JetBrains\IntelliJ IDEA Community Edition 2018.1.1\plugins\maven\lib\maven3\boot\plexus-classworlds-2.5.2.jar;C:\Program Files\JetBrains\IntelliJ IDEA Community Edition 2018.1.1\lib\idea_rt.jar"/>
    <property name="java.vm.specification.version" value="1.8"/>
    <property name="sun.arch.data.model" value="64"/>
    <property name="java.home" value="C:\Java\jdk1.8.0_74\jre"/>
    <property name="sun.java.command" value="org.codehaus.classworlds.Launcher -Didea.version=2018.1.5 clean test"/>
    <property name="java.specification.vendor" value="Oracle Corporation"/>
    <property name="user.language" value="en"/>
    <property name="awt.toolkit" value="sun.awt.windows.WToolkit"/>
    <property name="java.vm.info" value="mixed mode"/>
    <property name="java.version" value="1.8.0_74"/>
    <property name="java.ext.dirs" value="C:\Java\jdk1.8.0_74\jre\lib\ext;C:\WINDOWS\Sun\Java\lib\ext"/>
    <property name="sun.boot.class.path" value="C:\Java\jdk1.8.0_74\jre\lib\resources.jar;C:\Java\jdk1.8.0_74\jre\lib\rt.jar;C:\Java\jdk1.8.0_74\jre\lib\sunrsasign.jar;C:\Java\jdk1.8.0_74\jre\lib\jsse.jar;C:\Java\jdk1.8.0_74\jre\lib\jce.jar;C:\Java\jdk1.8.0_74\jre\lib\charsets.jar;C:\Java\jdk1.8.0_74\jre\lib\jfr.jar;C:\Java\jdk1.8.0_74\jre\classes"/>
    <property name="java.vendor" value="Oracle Corporation"/>
    <property name="maven.home" value="C:\Program Files\JetBrains\IntelliJ IDEA Community Edition 2018.1.1\plugins\maven\lib\maven3"/>
    <property name="file.separator" value="\"/>
    <property name="java.vendor.url.bug" value="http://bugreport.sun.com/bugreport/"/>
    <property name="sun.cpu.endian" value="little"/>
    <property name="sun.io.unicode.encoding" value="UnicodeLittle"/>
    <property name="sun.desktop" value="windows"/>
    <property name="sun.cpu.isalist" value="amd64"/>
  </properties>
  <testcase name="testBinaryToHexConversion" classname="hr.kaba.hiso.message.bitmap.BitmapTest" time="0"/>
  <testcase name="testHexToBinaryConversion" classname="hr.kaba.hiso.message.bitmap.BitmapTest" time="0"/>
  <testcase name="testFieldValuesPairing" classname="hr.kaba.hiso.message.bitmap.BitmapTest" time="0"/>
  <testcase name="testEncodingMultipleFields" classname="hr.kaba.hiso.message.bitmap.BitmapTest" time="0"/>
  <testcase name="testEnodingPrimaryBitmap" classname="hr.kaba.hiso.message.bitmap.BitmapTest" time="0.003"/>
  <testcase name="testEncodingSecondaryBitmapFields" classname="hr.kaba.hiso.message.bitmap.BitmapTest" time="0"/>
  <testcase name="testEncodingBitmapFromFields" classname="hr.kaba.hiso.message.bitmap.BitmapTest" time="0"/>
</testsuite>